[2018-05-17 18:46:42,231: INFO/MainProcess] Connected to redis://localhost:6379/0
[2018-05-17 18:46:42,251: INFO/MainProcess] mingle: searching for neighbors
[2018-05-17 18:46:43,298: INFO/MainProcess] mingle: all alone
[2018-05-17 18:46:43,339: INFO/MainProcess] celery@1.grommash ready.
[2018-05-17 18:47:12,225: INFO/MainProcess] Received task: actions.backup_executors.scp[f65fac7c-8908-4484-9793-36864c709ada]  
Warning: Identity file /home/test/.ssh/key not accessible: No such file or directory.
ssh: connect to host 127.0.0.1 port 22: Connection refused
[2018-05-17 18:47:12,272: WARNING/ForkPoolWorker-1] 'f65fac7c-8908-4484-9793-36864c709ada' failed: CalledProcessError(1, 'scp -i /home/test/.ssh/key -o stricthostkeychecking=no -r -o IdentitiesOnly=yes test@127.0.0.1:/home/test /tmp/test') message: ''
[2018-05-17 18:47:12,273: ERROR/ForkPoolWorker-1] Task actions.backup_executors.scp[f65fac7c-8908-4484-9793-36864c709ada] raised unexpected: CalledProcessError(1, 'scp -i /home/test/.ssh/key -o stricthostkeychecking=no -r -o IdentitiesOnly=yes test@127.0.0.1:/home/test /tmp/test')
Traceback (most recent call last):
  File "/home/junior/Dev/Axolote/axolote-tasks-env/lib/python3.6/site-packages/celery/app/trace.py", line 374, in trace_task
    R = retval = fun(*args, **kwargs)
  File "/home/junior/Dev/Axolote/axolote-tasks-env/lib/python3.6/site-packages/celery/app/trace.py", line 629, in __protected_call__
    return self.run(*args, **kwargs)
  File "/home/junior/Dev/Axolote/Axolote-Tasks/actions/backup_executors/scp.py", line 57, in run
    log = subprocess.run(command, shell=True, check=True, stdout=subprocess.PIPE)
  File "/usr/lib/python3.6/subprocess.py", line 418, in run
    output=stdout, stderr=stderr)
subprocess.CalledProcessError: Command 'scp -i /home/test/.ssh/key -o stricthostkeychecking=no -r -o IdentitiesOnly=yes test@127.0.0.1:/home/test /tmp/test' returned non-zero exit status 1.
[2018-05-17 18:47:12,275: WARNING/ForkPoolWorker-1] 'f65fac7c-8908-4484-9793-36864c709ada' finished with: 'FAILURE'

worker: Hitting Ctrl+C again will terminate all running tasks!

worker: Warm shutdown (MainProcess)

worker: Cold shutdown (MainProcess)
